2020-10-24 23:58:16,520 INFO o.a.j.u.JMeterUtils: Setting Locale to en_EN
2020-10-24 23:58:16,548 INFO o.a.j.JMeter: Loading user properties from: /Users/crazywolf/software/jmeter/apache-jmeter-5.3/bin/user.properties
2020-10-24 23:58:16,549 INFO o.a.j.JMeter: Loading system properties from: /Users/crazywolf/software/jmeter/apache-jmeter-5.3/bin/system.properties
2020-10-24 23:58:16,550 INFO o.a.j.JMeter: Copyright (c) 1998-2020 The Apache Software Foundation
2020-10-24 23:58:16,550 INFO o.a.j.JMeter: Version 5.3
2020-10-24 23:58:16,551 INFO o.a.j.JMeter: java.version=1.8.0_131
2020-10-24 23:58:16,551 INFO o.a.j.JMeter: java.vm.name=Java HotSpot(TM) 64-Bit Server VM
2020-10-24 23:58:16,551 INFO o.a.j.JMeter: os.name=Mac OS X
2020-10-24 23:58:16,551 INFO o.a.j.JMeter: os.arch=x86_64
2020-10-24 23:58:16,551 INFO o.a.j.JMeter: os.version=10.15.7
2020-10-24 23:58:16,551 INFO o.a.j.JMeter: file.encoding=UTF-8
2020-10-24 23:58:16,551 INFO o.a.j.JMeter: java.awt.headless=null
2020-10-24 23:58:16,551 INFO o.a.j.JMeter: Max memory     =1073741824
2020-10-24 23:58:16,551 INFO o.a.j.JMeter: Available Processors =8
2020-10-24 23:58:16,560 INFO o.a.j.JMeter: Default Locale=English (EN)
2020-10-24 23:58:16,560 INFO o.a.j.JMeter: JMeter  Locale=English (EN)
2020-10-24 23:58:16,560 INFO o.a.j.JMeter: JMeterHome=/Users/crazywolf/software/jmeter/apache-jmeter-5.3
2020-10-24 23:58:16,560 INFO o.a.j.JMeter: user.dir  =/Users/crazywolf/go/workspace/gms
2020-10-24 23:58:16,561 INFO o.a.j.JMeter: PWD       =/Users/crazywolf/go/workspace/gms
2020-10-24 23:58:16,630 INFO o.a.j.JMeter: IP: 192.168.8.101 Name: CrazyWolf FullName: 192.168.8.101
2020-10-24 23:58:17,004 INFO o.a.j.JMeter: Setting LAF to: laf:com.apple.laf.AquaLookAndFeel
2020-10-24 23:58:19,866 INFO o.a.j.JMeter: Loaded icon properties from org/apache/jmeter/images/icon.properties
2020-10-24 23:58:51,711 INFO o.a.j.u.JMeterUtils: Setting Locale to zh_CN
2020-10-24 23:59:19,253 INFO o.a.j.p.h.s.HTTPSamplerBase: Parser for text/html is org.apache.jmeter.protocol.http.parser.LagartoBasedHtmlParser
2020-10-24 23:59:19,253 INFO o.a.j.p.h.s.HTTPSamplerBase: Parser for application/xhtml+xml is org.apache.jmeter.protocol.http.parser.LagartoBasedHtmlParser
2020-10-24 23:59:19,253 INFO o.a.j.p.h.s.HTTPSamplerBase: Parser for application/xml is org.apache.jmeter.protocol.http.parser.LagartoBasedHtmlParser
2020-10-24 23:59:19,253 INFO o.a.j.p.h.s.HTTPSamplerBase: Parser for text/xml is org.apache.jmeter.protocol.http.parser.LagartoBasedHtmlParser
2020-10-24 23:59:19,253 INFO o.a.j.p.h.s.HTTPSamplerBase: Parser for text/vnd.wap.wml is org.apache.jmeter.protocol.http.parser.RegexpHTMLParser
2020-10-24 23:59:19,253 INFO o.a.j.p.h.s.HTTPSamplerBase: Parser for text/css is org.apache.jmeter.protocol.http.parser.CssParser
2020-10-24 23:59:58,637 INFO o.a.j.s.FileServer: Default base='/Users/crazywolf/go/workspace/gms'
2020-10-24 23:59:58,639 INFO o.a.j.s.FileServer: Set new base='/Users/crazywolf/software/jmeter'
2020-10-24 23:59:58,809 INFO o.a.j.s.SaveService: Testplan (JMX) version: 2.2. Testlog (JTL) version: 2.2
2020-10-24 23:59:58,827 INFO o.a.j.s.SaveService: Using SaveService properties file encoding UTF-8
2020-10-24 23:59:58,828 INFO o.a.j.s.SaveService: Using SaveService properties version 5.0
2020-10-24 23:59:58,852 INFO o.a.j.e.StandardJMeterEngine: Running the test!
2020-10-24 23:59:58,853 INFO o.a.j.s.SampleEvent: List of sample_variables: []
2020-10-24 23:59:58,854 INFO o.a.j.s.SampleEvent: List of sample_variables: []
2020-10-24 23:59:58,855 INFO o.a.j.e.u.CompoundVariable: Note: Function class names must contain the string: '.functions.'
2020-10-24 23:59:58,856 INFO o.a.j.e.u.CompoundVariable: Note: Function class names must not contain the string: '.gui.'
2020-10-24 23:59:59,209 INFO o.a.j.g.u.JMeterMenuBar: setRunning(true, *local*)
2020-10-24 23:59:59,220 INFO o.a.j.e.StandardJMeterEngine: Starting ThreadGroup: 1 : 线程组
2020-10-24 23:59:59,221 INFO o.a.j.e.StandardJMeterEngine: Starting 1 threads for group 线程组.
2020-10-24 23:59:59,221 INFO o.a.j.e.StandardJMeterEngine: Thread will continue on error
2020-10-24 23:59:59,221 INFO o.a.j.t.ThreadGroup: Starting thread group... number=1 threads=1 ramp-up=1 delayedStart=false
2020-10-24 23:59:59,225 INFO o.a.j.t.ThreadGroup: Started thread group number 1
2020-10-24 23:59:59,225 INFO o.a.j.e.StandardJMeterEngine: All thread groups have been started
2020-10-24 23:59:59,226 INFO o.a.j.t.JMeterThread: Thread started: 线程组 1-1
2020-10-24 23:59:59,246 INFO o.a.j.p.h.s.HTTPHCAbstractImpl: Local host = CrazyWolf
2020-10-24 23:59:59,257 INFO o.a.j.p.h.s.HTTPHC4Impl: HTTP request retry count = 0
2020-10-24 23:59:59,259 INFO o.a.j.s.SampleResult: Note: Sample TimeStamps are START times
2020-10-24 23:59:59,259 INFO o.a.j.s.SampleResult: sampleresult.default.encoding is set to ISO-8859-1
2020-10-24 23:59:59,259 INFO o.a.j.s.SampleResult: sampleresult.useNanoTime=true
2020-10-24 23:59:59,259 INFO o.a.j.s.SampleResult: sampleresult.nanoThreadSleep=5000
2020-10-24 23:59:59,410 INFO o.a.j.p.h.s.h.LazyLayeredConnectionSocketFactory: Setting up HTTPS TrustAll Socket Factory
2020-10-24 23:59:59,415 INFO o.a.j.u.JsseSSLManager: Using default SSL protocol: TLS
2020-10-24 23:59:59,415 INFO o.a.j.u.JsseSSLManager: SSL session context: per-thread
2020-10-24 23:59:59,609 INFO o.a.j.u.SSLManager: JmeterKeyStore Location:  type JKS
2020-10-24 23:59:59,613 INFO o.a.j.u.SSLManager: KeyStore created OK
2020-10-24 23:59:59,613 WARN o.a.j.u.SSLManager: Keystore file not found, loading empty keystore
2020-10-24 23:59:59,998 INFO o.a.j.t.JMeterThread: Thread is done: 线程组 1-1
2020-10-24 23:59:59,998 INFO o.a.j.t.JMeterThread: Thread finished: 线程组 1-1
2020-10-25 00:00:00,001 INFO o.a.j.e.StandardJMeterEngine: Notifying test listeners of end of test
2020-10-25 00:00:00,002 INFO o.a.j.g.u.JMeterMenuBar: setRunning(false, *local*)
2020-10-25 00:00:03,163 INFO o.a.j.e.StandardJMeterEngine: Running the test!
2020-10-25 00:00:03,164 INFO o.a.j.s.SampleEvent: List of sample_variables: []
2020-10-25 00:00:03,165 INFO o.a.j.g.u.JMeterMenuBar: setRunning(true, *local*)
2020-10-25 00:00:03,250 INFO o.a.j.e.StandardJMeterEngine: Starting ThreadGroup: 1 : 线程组
2020-10-25 00:00:03,251 INFO o.a.j.e.StandardJMeterEngine: Starting 1 threads for group 线程组.
2020-10-25 00:00:03,251 INFO o.a.j.e.StandardJMeterEngine: Thread will continue on error
2020-10-25 00:00:03,251 INFO o.a.j.t.ThreadGroup: Starting thread group... number=1 threads=1 ramp-up=1 delayedStart=false
2020-10-25 00:00:03,251 INFO o.a.j.t.ThreadGroup: Started thread group number 1
2020-10-25 00:00:03,251 INFO o.a.j.e.StandardJMeterEngine: All thread groups have been started
2020-10-25 00:00:03,252 INFO o.a.j.t.JMeterThread: Thread started: 线程组 1-1
2020-10-25 00:00:03,593 INFO o.a.j.t.JMeterThread: Thread is done: 线程组 1-1
2020-10-25 00:00:03,593 INFO o.a.j.t.JMeterThread: Thread finished: 线程组 1-1
2020-10-25 00:00:03,593 INFO o.a.j.e.StandardJMeterEngine: Notifying test listeners of end of test
2020-10-25 00:00:03,593 INFO o.a.j.g.u.JMeterMenuBar: setRunning(false, *local*)
2020-10-25 00:00:40,525 INFO o.a.j.e.StandardJMeterEngine: Running the test!
2020-10-25 00:00:40,526 INFO o.a.j.s.SampleEvent: List of sample_variables: []
2020-10-25 00:00:40,529 INFO o.a.j.g.u.JMeterMenuBar: setRunning(true, *local*)
2020-10-25 00:00:40,637 INFO o.a.j.e.StandardJMeterEngine: Starting ThreadGroup: 1 : 线程组
2020-10-25 00:00:40,637 INFO o.a.j.e.StandardJMeterEngine: Starting 1 threads for group 线程组.
2020-10-25 00:00:40,637 INFO o.a.j.e.StandardJMeterEngine: Thread will continue on error
2020-10-25 00:00:40,637 INFO o.a.j.t.ThreadGroup: Starting thread group... number=1 threads=1 ramp-up=1 delayedStart=false
2020-10-25 00:00:40,638 INFO o.a.j.t.ThreadGroup: Started thread group number 1
2020-10-25 00:00:40,638 INFO o.a.j.e.StandardJMeterEngine: All thread groups have been started
2020-10-25 00:00:40,638 INFO o.a.j.t.JMeterThread: Thread started: 线程组 1-1
2020-10-25 00:00:41,044 INFO o.a.j.t.JMeterThread: Thread is done: 线程组 1-1
2020-10-25 00:00:41,044 INFO o.a.j.t.JMeterThread: Thread finished: 线程组 1-1
2020-10-25 00:00:41,044 INFO o.a.j.e.StandardJMeterEngine: Notifying test listeners of end of test
2020-10-25 00:00:41,044 INFO o.a.j.g.u.JMeterMenuBar: setRunning(false, *local*)
2020-10-25 00:00:49,843 INFO o.a.j.e.StandardJMeterEngine: Running the test!
2020-10-25 00:00:49,843 INFO o.a.j.s.SampleEvent: List of sample_variables: []
2020-10-25 00:00:49,845 INFO o.a.j.g.u.JMeterMenuBar: setRunning(true, *local*)
2020-10-25 00:00:49,930 INFO o.a.j.e.StandardJMeterEngine: Starting ThreadGroup: 1 : 线程组
2020-10-25 00:00:49,930 INFO o.a.j.e.StandardJMeterEngine: Starting 1 threads for group 线程组.
2020-10-25 00:00:49,930 INFO o.a.j.e.StandardJMeterEngine: Thread will continue on error
2020-10-25 00:00:49,930 INFO o.a.j.t.ThreadGroup: Starting thread group... number=1 threads=1 ramp-up=1 delayedStart=false
2020-10-25 00:00:49,930 INFO o.a.j.t.ThreadGroup: Started thread group number 1
2020-10-25 00:00:49,930 INFO o.a.j.e.StandardJMeterEngine: All thread groups have been started
2020-10-25 00:00:49,932 INFO o.a.j.t.JMeterThread: Thread started: 线程组 1-1
2020-10-25 00:01:13,681 INFO o.a.j.t.JMeterThread: Thread is done: 线程组 1-1
2020-10-25 00:01:13,681 INFO o.a.j.t.JMeterThread: Thread finished: 线程组 1-1
2020-10-25 00:01:13,681 INFO o.a.j.e.StandardJMeterEngine: Notifying test listeners of end of test
2020-10-25 00:01:13,682 INFO o.a.j.g.u.JMeterMenuBar: setRunning(false, *local*)
